   Date:  2022/05/26 13:11:24
 Method:  GET 
 Status:  0
  Error:  Could not resolve host: learningm2.local
    URL:  http://learningm2.local/blog/index.php?theme-activation
     IP:  127.0.0.1
Current:  http://m2.local/favicon.ico
------------------------------------------------------------------------------------------
   Date:  2022/05/26 13:13:25
 Method:  GET 
 Status:  0
  Error:  Could not resolve host: learningm2.local
    URL:  http://learningm2.local/blog/index.php?theme-activation
     IP:  127.0.0.1
Current:  http://m2.local/blog
------------------------------------------------------------------------------------------
   Date:  2022/05/26 13:21:18
 Method:  GET 
 Status:  0
  Error:  Could not resolve host: learningm2.local
    URL:  http://learningm2.local/blog/index.php?theme-activation
     IP:  127.0.0.1
Current:  http://m2.local/blog
------------------------------------------------------------------------------------------
   Date:  2022/05/26 13:22:45
 Method:  GET 
 Status:  0
  Error:  Could not resolve host: learningm2.local
    URL:  http://learningm2.local/blog/index.php?theme-activation
     IP:  127.0.0.1
Current:  http://m2.local/blog/wp-content/uploads/2018/05/download-1-150x150.jpeg
------------------------------------------------------------------------------------------
   Date:  2022/05/26 13:27:40
 Method:  GET 
 Status:  0
  Error:  Could not resolve host: learningm2.local
    URL:  http://learningm2.local/blog/index.php?theme-activation
     IP:  127.0.0.1
Current:  http://m2.local/blog/wp-admin
------------------------------------------------------------------------------------------
   Date:  2022/05/26 13:27:50
 Method:  GET 
 Status:  0
  Error:  Could not resolve host: learningm2.local
    URL:  http://learningm2.local/blog/index.php?theme-activation
     IP:  127.0.0.1
Current:  http://m2.local/wp-admin
------------------------------------------------------------------------------------------
   Date:  2022/05/26 13:34:34
 Method:  GET 
 Status:  0
  Error:  Could not resolve host: learningm2.local
    URL:  http://learningm2.local/blog/index.php?theme-activation
     IP:  127.0.0.1
Current:  http://m2.local/wp
------------------------------------------------------------------------------------------
   Date:  2022/05/26 14:04:21
 Method:  GET 
 Status:  200
    URL:  http://m2.local/blog/index.php?rest_route=/fishpig/v1/hello
     IP:  127.0.0.1
Current:  http://m2.local/admin/admin/index/index/key/ff100ddab98642a17d28e641566f8a1272316864cf8c7137514ea890e908564c/admin/admin/system_config/edit/section/wordpress/key/50f535de4776c698c2af6eff37ac82bf511e934896289b40637fe17a22203476/
------------------------------------------------------------------------------------------
   Date:  2022/05/26 14:04:22
 Method:  GET 
 Status:  200
    URL:  http://m2.local/blog/index.php?rest_route=/fishpig/v1/data
     IP:  127.0.0.1
Current:  http://m2.local/admin/admin/index/index/key/ff100ddab98642a17d28e641566f8a1272316864cf8c7137514ea890e908564c/admin/admin/system_config/edit/section/wordpress/key/50f535de4776c698c2af6eff37ac82bf511e934896289b40637fe17a22203476/
------------------------------------------------------------------------------------------
   Date:  2022/05/26 14:04:26
 Method:  GET 
 Status:  200
    URL:  http://m2.local/blog/index.php?rest_route=/fishpig/v1/hello
     IP:  127.0.0.1
Current:  http://m2.local/news/
------------------------------------------------------------------------------------------
   Date:  2022/05/26 14:04:26
 Method:  GET 
 Status:  200
    URL:  http://m2.local/blog/index.php?rest_route=/fishpig/v1/data
     IP:  127.0.0.1
Current:  http://m2.local/news/
------------------------------------------------------------------------------------------
   Date:  2022/05/26 14:04:49
 Method:  GET 
 Status:  200
    URL:  http://m2.local/blog/index.php?rest_route=/fishpig/v1/hello
     IP:  127.0.0.1
Current:  http://m2.local/favicon.ico
------------------------------------------------------------------------------------------
   Date:  2022/05/26 14:04:49
 Method:  GET 
 Status:  200
    URL:  http://m2.local/blog/index.php?rest_route=/fishpig/v1/data
     IP:  127.0.0.1
Current:  http://m2.local/favicon.ico
------------------------------------------------------------------------------------------
   Date:  2022/05/26 14:06:26
 Method:  GET 
 Status:  200
    URL:  http://m2.local/blog/index.php?rest_route=/fishpig/v1/hello
     IP:  127.0.0.1
Current:  http://m2.local/news
------------------------------------------------------------------------------------------
   Date:  2022/05/26 14:06:26
 Method:  GET 
 Status:  200
    URL:  http://m2.local/blog/index.php?rest_route=/fishpig/v1/data
     IP:  127.0.0.1
Current:  http://m2.local/news
------------------------------------------------------------------------------------------
   Date:  2022/05/27 12:24:37
 Method:  GET 
 Status:  200
    URL:  https://m2.learning-test.stgin.com/blog/index.php?rest_route=/fishpig/v1/hello
     IP:  159.148.207.225
Current:  https://m2.learning-test.stgin.com/news
------------------------------------------------------------------------------------------
   Date:  2022/05/27 12:24:39
 Method:  GET 
 Status:  200
    URL:  https://m2.learning-test.stgin.com/blog/index.php?rest_route=/fishpig/v1/data
     IP:  159.148.207.225
Current:  https://m2.learning-test.stgin.com/news
------------------------------------------------------------------------------------------
   Date:  2022/05/27 12:24:54
 Method:  GET 
 Status:  200
    URL:  https://m2.learning-test.stgin.com/blog/index.php?rest_route=/fishpig/v1/hello
     IP:  159.148.207.225
Current:  https://m2.learning-test.stgin.com/news/wp-content/uploads/2018/05/download-1-150x150.jpeg
------------------------------------------------------------------------------------------
   Date:  2022/05/27 12:24:54
 Method:  GET 
 Status:  200
    URL:  https://m2.learning-test.stgin.com/blog/index.php?rest_route=/fishpig/v1/data
     IP:  159.148.207.225
Current:  https://m2.learning-test.stgin.com/news/wp-content/uploads/2018/05/download-1-150x150.jpeg
------------------------------------------------------------------------------------------
   Date:  2022/05/27 12:24:54
 Method:  GET 
 Status:  200
    URL:  https://m2.learning-test.stgin.com/blog/index.php?rest_route=/fishpig/v1/hello
     IP:  159.148.207.225
Current:  https://m2.learning-test.stgin.com/news/wp-content/uploads/2018/05/images-150x150.jpeg
------------------------------------------------------------------------------------------
   Date:  2022/05/27 12:24:54
 Method:  GET 
 Status:  200
    URL:  https://m2.learning-test.stgin.com/blog/index.php?rest_route=/fishpig/v1/data
     IP:  159.148.207.225
Current:  https://m2.learning-test.stgin.com/news/wp-content/uploads/2018/05/images-150x150.jpeg
------------------------------------------------------------------------------------------
   Date:  2022/05/27 12:28:00
 Method:  GET 
 Status:  200
    URL:  https://m2.learning-test.stgin.com/blog/index.php?rest_route=/fishpig/v1/hello
     IP:  159.148.207.225
Current:  https://m2.learning-test.stgin.com/news/wp-content/uploads/2018/05/download-1-150x150.jpeg
------------------------------------------------------------------------------------------
   Date:  2022/05/27 12:28:00
 Method:  GET 
 Status:  200
    URL:  https://m2.learning-test.stgin.com/blog/index.php?rest_route=/fishpig/v1/data
     IP:  159.148.207.225
Current:  https://m2.learning-test.stgin.com/news/wp-content/uploads/2018/05/download-1-150x150.jpeg
------------------------------------------------------------------------------------------
   Date:  2022/05/27 12:28:01
 Method:  GET 
 Status:  200
    URL:  https://m2.learning-test.stgin.com/blog/index.php?rest_route=/fishpig/v1/hello
     IP:  159.148.207.225
Current:  https://m2.learning-test.stgin.com/news/wp-content/uploads/2018/05/images-150x150.jpeg
------------------------------------------------------------------------------------------
   Date:  2022/05/27 12:28:01
 Method:  GET 
 Status:  200
    URL:  https://m2.learning-test.stgin.com/blog/index.php?rest_route=/fishpig/v1/data
     IP:  159.148.207.225
Current:  https://m2.learning-test.stgin.com/news/wp-content/uploads/2018/05/images-150x150.jpeg
------------------------------------------------------------------------------------------
